C:\Program Files (x86)\Microsoft Visual Studio\2019\Community\MSBuild\Microsoft\VC\v160\Microsoft.CppBuild.targets(491,5): warning MSB8028: The intermediate directory (Debug\) contains files shared from another project (directx9_imgui.vcxproj, im_gui_Calculator.vcxproj).  This can lead to incorrect clean and rebuild behavior.
  imgui.cpp
  imgui_demo.cpp
  imgui_draw.cpp
  imgui_impl_dx9.cpp
  imgui_impl_win32.cpp
  imgui_widgets.cpp
  main.cpp
C:\Users\apple\Documents\Code\C++\Yahtzee_GUI\directx9_imgui\main.cpp(4,9): warning C4068: unknown pragma 'disable'
C:\Users\apple\Documents\Code\C++\Yahtzee_GUI\directx9_imgui\main.cpp(157,1): warning C4302: 'type cast': truncation from 'const char *' to 'char'
C:\Users\apple\Documents\Code\C++\Yahtzee_GUI\directx9_imgui\main.cpp(158,1): warning C4302: 'type cast': truncation from 'const char *' to 'char'
C:\Users\apple\Documents\Code\C++\Yahtzee_GUI\directx9_imgui\main.cpp(159,1): warning C4302: 'type cast': truncation from 'const char *' to 'char'
C:\Users\apple\Documents\Code\C++\Yahtzee_GUI\directx9_imgui\main.cpp(160,1): warning C4302: 'type cast': truncation from 'const char *' to 'char'
C:\Users\apple\Documents\Code\C++\Yahtzee_GUI\directx9_imgui\main.cpp(161,1): warning C4302: 'type cast': truncation from 'const char *' to 'char'
C:\Users\apple\Documents\Code\C++\Yahtzee_GUI\directx9_imgui\main.cpp(162,1): warning C4302: 'type cast': truncation from 'const char *' to 'char'
C:\Users\apple\Documents\Code\C++\Yahtzee_GUI\directx9_imgui\main.cpp(163,1): warning C4302: 'type cast': truncation from 'const char *' to 'char'
C:\Users\apple\Documents\Code\C++\Yahtzee_GUI\directx9_imgui\main.cpp(166,1): warning C4302: 'type cast': truncation from 'const char *' to 'char'
C:\Users\apple\Documents\Code\C++\Yahtzee_GUI\directx9_imgui\main.cpp(167,1): warning C4302: 'type cast': truncation from 'const char *' to 'char'
C:\Users\apple\Documents\Code\C++\Yahtzee_GUI\directx9_imgui\main.cpp(168,1): warning C4302: 'type cast': truncation from 'const char *' to 'char'
C:\Users\apple\Documents\Code\C++\Yahtzee_GUI\directx9_imgui\main.cpp(169,1): warning C4302: 'type cast': truncation from 'const char *' to 'char'
C:\Users\apple\Documents\Code\C++\Yahtzee_GUI\directx9_imgui\main.cpp(170,1): warning C4302: 'type cast': truncation from 'const char *' to 'char'
C:\Users\apple\Documents\Code\C++\Yahtzee_GUI\directx9_imgui\main.cpp(171,1): warning C4302: 'type cast': truncation from 'const char *' to 'char'
C:\Users\apple\Documents\Code\C++\Yahtzee_GUI\directx9_imgui\main.cpp(172,1): warning C4302: 'type cast': truncation from 'const char *' to 'char'
C:\Users\apple\Documents\Code\C++\Yahtzee_GUI\directx9_imgui\main.cpp(442,74): warning C4244: 'argument': conversion from 'int' to 'float', possible loss of data
C:\Users\apple\Documents\Code\C++\Yahtzee_GUI\directx9_imgui\main.cpp(638,49): warning C4244: 'argument': conversion from 'int' to 'float', possible loss of data
C:\Users\apple\Documents\Code\C++\Yahtzee_GUI\directx9_imgui\main.cpp(639,75): warning C4244: 'argument': conversion from 'int' to 'float', possible loss of data
C:\Users\apple\Documents\Code\C++\Yahtzee_GUI\directx9_imgui\main.cpp(639,54): warning C4244: 'argument': conversion from 'int' to 'float', possible loss of data
C:\Users\apple\Documents\Code\C++\Yahtzee_GUI\directx9_imgui\main.cpp(751,79): warning C4244: 'argument': conversion from 'int' to 'float', possible loss of data
C:\Users\apple\Documents\Code\C++\Yahtzee_GUI\directx9_imgui\main.cpp(751,60): warning C4244: 'argument': conversion from 'int' to 'float', possible loss of data
C:\Users\apple\Documents\Code\C++\Yahtzee_GUI\directx9_imgui\main.cpp(961,75): warning C4244: 'argument': conversion from 'int' to 'float', possible loss of data
C:\Users\apple\Documents\Code\C++\Yahtzee_GUI\directx9_imgui\main.cpp(961,56): warning C4244: 'argument': conversion from 'int' to 'float', possible loss of data
C:\Users\apple\Documents\Code\C++\Yahtzee_GUI\directx9_imgui\main.cpp(1171,75): warning C4244: 'argument': conversion from 'int' to 'float', possible loss of data
C:\Users\apple\Documents\Code\C++\Yahtzee_GUI\directx9_imgui\main.cpp(1171,56): warning C4244: 'argument': conversion from 'int' to 'float', possible loss of data
C:\Users\apple\Documents\Code\C++\Yahtzee_GUI\directx9_imgui\main.cpp(1381,75): warning C4244: 'argument': conversion from 'int' to 'float', possible loss of data
C:\Users\apple\Documents\Code\C++\Yahtzee_GUI\directx9_imgui\main.cpp(1381,56): warning C4244: 'argument': conversion from 'int' to 'float', possible loss of data
  Generating Code...
  directx9_imgui.vcxproj -> C:\Users\apple\Documents\Code\C++\Yahtzee_GUI\Debug\Yahtzee_Gui.exe
