  Yahtzee_header.cpp
C:\Users\apple\Documents\Code\C++\Yahtzee_GUI\directx9_imgui\Yahtzee_header.cpp(42,20): warning C4244: 'initializing': conversion from 'DWORDLONG' to 'double', possible loss of data
  main.cpp
C:\Users\apple\Documents\Code\C++\Yahtzee_GUI\directx9_imgui\main.cpp(4,9): warning C4068: unknown pragma 'disable'
C:\Users\apple\Documents\Code\C++\Yahtzee_GUI\directx9_imgui\main.cpp(159,1): warning C4302: 'type cast': truncation from 'const char *' to 'char'
C:\Users\apple\Documents\Code\C++\Yahtzee_GUI\directx9_imgui\main.cpp(160,1): warning C4302: 'type cast': truncation from 'const char *' to 'char'
C:\Users\apple\Documents\Code\C++\Yahtzee_GUI\directx9_imgui\main.cpp(161,1): warning C4302: 'type cast': truncation from 'const char *' to 'char'
C:\Users\apple\Documents\Code\C++\Yahtzee_GUI\directx9_imgui\main.cpp(162,1): warning C4302: 'type cast': truncation from 'const char *' to 'char'
C:\Users\apple\Documents\Code\C++\Yahtzee_GUI\directx9_imgui\main.cpp(163,1): warning C4302: 'type cast': truncation from 'const char *' to 'char'
C:\Users\apple\Documents\Code\C++\Yahtzee_GUI\directx9_imgui\main.cpp(164,1): warning C4302: 'type cast': truncation from 'const char *' to 'char'
C:\Users\apple\Documents\Code\C++\Yahtzee_GUI\directx9_imgui\main.cpp(165,1): warning C4302: 'type cast': truncation from 'const char *' to 'char'
C:\Users\apple\Documents\Code\C++\Yahtzee_GUI\directx9_imgui\main.cpp(168,1): warning C4302: 'type cast': truncation from 'const char *' to 'char'
C:\Users\apple\Documents\Code\C++\Yahtzee_GUI\directx9_imgui\main.cpp(169,1): warning C4302: 'type cast': truncation from 'const char *' to 'char'
C:\Users\apple\Documents\Code\C++\Yahtzee_GUI\directx9_imgui\main.cpp(170,1): warning C4302: 'type cast': truncation from 'const char *' to 'char'
C:\Users\apple\Documents\Code\C++\Yahtzee_GUI\directx9_imgui\main.cpp(171,1): warning C4302: 'type cast': truncation from 'const char *' to 'char'
C:\Users\apple\Documents\Code\C++\Yahtzee_GUI\directx9_imgui\main.cpp(172,1): warning C4302: 'type cast': truncation from 'const char *' to 'char'
C:\Users\apple\Documents\Code\C++\Yahtzee_GUI\directx9_imgui\main.cpp(173,1): warning C4302: 'type cast': truncation from 'const char *' to 'char'
C:\Users\apple\Documents\Code\C++\Yahtzee_GUI\directx9_imgui\main.cpp(174,1): warning C4302: 'type cast': truncation from 'const char *' to 'char'
C:\Users\apple\Documents\Code\C++\Yahtzee_GUI\directx9_imgui\main.cpp(444,74): warning C4244: 'argument': conversion from 'int' to 'float', possible loss of data
C:\Users\apple\Documents\Code\C++\Yahtzee_GUI\directx9_imgui\main.cpp(643,49): warning C4244: 'argument': conversion from 'int' to 'float', possible loss of data
C:\Users\apple\Documents\Code\C++\Yahtzee_GUI\directx9_imgui\main.cpp(644,75): warning C4244: 'argument': conversion from 'int' to 'float', possible loss of data
C:\Users\apple\Documents\Code\C++\Yahtzee_GUI\directx9_imgui\main.cpp(644,54): warning C4244: 'argument': conversion from 'int' to 'float', possible loss of data
C:\Users\apple\Documents\Code\C++\Yahtzee_GUI\directx9_imgui\main.cpp(756,79): warning C4244: 'argument': conversion from 'int' to 'float', possible loss of data
C:\Users\apple\Documents\Code\C++\Yahtzee_GUI\directx9_imgui\main.cpp(756,60): warning C4244: 'argument': conversion from 'int' to 'float', possible loss of data
C:\Users\apple\Documents\Code\C++\Yahtzee_GUI\directx9_imgui\main.cpp(966,75): warning C4244: 'argument': conversion from 'int' to 'float', possible loss of data
C:\Users\apple\Documents\Code\C++\Yahtzee_GUI\directx9_imgui\main.cpp(966,56): warning C4244: 'argument': conversion from 'int' to 'float', possible loss of data
C:\Users\apple\Documents\Code\C++\Yahtzee_GUI\directx9_imgui\main.cpp(1176,75): warning C4244: 'argument': conversion from 'int' to 'float', possible loss of data
C:\Users\apple\Documents\Code\C++\Yahtzee_GUI\directx9_imgui\main.cpp(1176,56): warning C4244: 'argument': conversion from 'int' to 'float', possible loss of data
C:\Users\apple\Documents\Code\C++\Yahtzee_GUI\directx9_imgui\main.cpp(1386,75): warning C4244: 'argument': conversion from 'int' to 'float', possible loss of data
C:\Users\apple\Documents\Code\C++\Yahtzee_GUI\directx9_imgui\main.cpp(1386,56): warning C4244: 'argument': conversion from 'int' to 'float', possible loss of data
  Generating code
  2 of 1424 functions ( 0.1%) were compiled, the rest were copied from previous compilation.
    0 functions were new in current compilation
    20 functions had inline decision re-evaluated but remain unchanged
  Finished generating code
  directx9_imgui.vcxproj -> C:\Users\apple\Documents\Code\C++\Yahtzee_GUI\Release\Yahtzee_Gui.exe
